 ***********************************************************
 * TIAA-CREF Report (Lusardi, Michaud and Mitchell) *
   simulation of scenarios										   
 ***********************************************************
 + running scenario : baseline                                                                        
 	* compiling main program ...
 	* running simulation ...
 
 mpi initialized ...
  # of procs 	  :          64
  # of workers 	  :          63
 ! parameter values initialized ...
 - will now initialize income shocks ...
 - will now initialize oop shocks ...
 - will now initialize return risks ...
 - will now initialize mortality rates ...
 - will now initialize equivalence scales ...
 ! state space initialized ...
    - state space has total of      9646875  points
                                     128625  per year
 - computing termination value ...
 - starting recursion ...
 at age          95
 at age          75
 at age          50
 at age          26
 - will now simulate synthetic cohort ...
 - cohort simulated, saving dataset ...
 total time taken for code =   2847.4689259529114     
 + running scenario : prog1                                                                           
 	* compiling main program ...
 	* running simulation ...
 
 mpi initialized ...
  # of procs 	  :          64
  # of workers 	  :          63
 ! parameter values initialized ...
 - will now initialize income shocks ...
 - will now initialize oop shocks ...
 - will now initialize return risks ...
 - will now initialize mortality rates ...
 - will now initialize equivalence scales ...
 ! state space initialized ...
    - state space has total of      9646875  points
                                     128625  per year
 - computing termination value ...
 - starting recursion ...
 at age          95
 at age          75
 at age          50
 at age          26
 - will now simulate synthetic cohort ...
 - cohort simulated, saving dataset ...
 total time taken for code =   2969.8699090480804     
 + running scenario : prog2                                                                           
 	* compiling main program ...
 	* running simulation ...
 
 mpi initialized ...
  # of procs 	  :          64
  # of workers 	  :          63
 ! parameter values initialized ...
 - will now initialize income shocks ...
 - will now initialize oop shocks ...
 - will now initialize return risks ...
 - will now initialize mortality rates ...
 - will now initialize equivalence scales ...
 ! state space initialized ...
    - state space has total of      9646875  points
                                     128625  per year
 - computing termination value ...
 - starting recursion ...
 at age          95
 at age          75
 at age          50
 at age          26
 - will now simulate synthetic cohort ...
 - cohort simulated, saving dataset ...
 total time taken for code =   2942.8351211547852     
 + running scenario : prog3                                                                           
 	* compiling main program ...
 	* running simulation ...
 
 mpi initialized ...
  # of procs 	  :          64
  # of workers 	  :          63
 ! parameter values initialized ...
 - will now initialize income shocks ...
 - will now initialize oop shocks ...
 - will now initialize return risks ...
 - will now initialize mortality rates ...
 - will now initialize equivalence scales ...
 ! state space initialized ...
    - state space has total of      9646875  points
                                     128625  per year
 - computing termination value ...
 - starting recursion ...
 at age          95
 at age          75
 at age          50
 at age          26
 - will now simulate synthetic cohort ...
 - cohort simulated, saving dataset ...
 total time taken for code =   2893.3146791458130     
 + running scenario : prog4                                                                           
 	* compiling main program ...
 	* running simulation ...
 
 mpi initialized ...
  # of procs 	  :          64
  # of workers 	  :          63
 ! parameter values initialized ...
 - will now initialize income shocks ...
 - will now initialize oop shocks ...
 - will now initialize return risks ...
 - will now initialize mortality rates ...
 - will now initialize equivalence scales ...
 ! state space initialized ...
    - state space has total of      9646875  points
                                     128625  per year
 - computing termination value ...
 - starting recursion ...
 at age          95
 at age          75
 at age          50
 at age          26
 - will now simulate synthetic cohort ...
 - cohort simulated, saving dataset ...
 total time taken for code =   2924.9650650024414     
 + running scenario : prog5                                                                           
 	* compiling main program ...
 	* running simulation ...
 
 mpi initialized ...
  # of procs 	  :          64
  # of workers 	  :          63
 ! parameter values initialized ...
 - will now initialize income shocks ...
 - will now initialize oop shocks ...
 - will now initialize return risks ...
 - will now initialize mortality rates ...
 - will now initialize equivalence scales ...
 ! state space initialized ...
    - state space has total of      9646875  points
                                     128625  per year
 - computing termination value ...
 - starting recursion ...
 at age          95
 at age          75
 at age          50
 at age          26
 solving for program at age          50
 - will now simulate synthetic cohort ...
 - cohort simulated, saving dataset ...
 total time taken for code =   2918.1057200431824     
 + running scenario : prog6                                                                           
 	* compiling main program ...
 	* running simulation ...
 
 mpi initialized ...
  # of procs 	  :          64
  # of workers 	  :          63
 ! parameter values initialized ...
 - will now initialize income shocks ...
 - will now initialize oop shocks ...
 - will now initialize return risks ...
 - will now initialize mortality rates ...
 - will now initialize equivalence scales ...
 ! state space initialized ...
    - state space has total of      9646875  points
                                     128625  per year
 - computing termination value ...
 - starting recursion ...
 at age          95
 at age          75
 at age          50
 at age          26
 - will now simulate synthetic cohort ...
 - cohort simulated, saving dataset ...
 total time taken for code =   2874.2313339710236     
 + running scenario : prog7                                                                           
 	* compiling main program ...
 	* running simulation ...
 
 mpi initialized ...
  # of procs 	  :          64
  # of workers 	  :          63
 ! parameter values initialized ...
 - will now initialize income shocks ...
 - will now initialize oop shocks ...
 - will now initialize return risks ...
 - will now initialize mortality rates ...
 - will now initialize equivalence scales ...
 ! state space initialized ...
    - state space has total of      9646875  points
                                     128625  per year
 - computing termination value ...
 - starting recursion ...
 at age          95
 at age          75
 at age          50
 at age          26
 - will now simulate synthetic cohort ...
 - cohort simulated, saving dataset ...
 total time taken for code =   2903.1554639339447     
 + running scenario : prog8                                                                           
 	* compiling main program ...
 	* running simulation ...
 
 mpi initialized ...
  # of procs 	  :          64
  # of workers 	  :          63
 ! parameter values initialized ...
 - will now initialize income shocks ...
 - will now initialize oop shocks ...
 - will now initialize return risks ...
 - will now initialize mortality rates ...
 - will now initialize equivalence scales ...
 ! state space initialized ...
    - state space has total of      9646875  points
                                     128625  per year
 - computing termination value ...
 - starting recursion ...
 at age          95
 at age          75
 at age          50
 at age          26
 - will now simulate synthetic cohort ...
 - cohort simulated, saving dataset ...
 total time taken for code =   2874.3825378417969     
 + running scenario : prog9                                                                           
 	* compiling main program ...
 	* running simulation ...
 
 mpi initialized ...
  # of procs 	  :          64
  # of workers 	  :          63
 ! parameter values initialized ...
 - will now initialize income shocks ...
 - will now initialize oop shocks ...
 - will now initialize return risks ...
 - will now initialize mortality rates ...
 - will now initialize equivalence scales ...
 ! state space initialized ...
    - state space has total of      9646875  points
                                     128625  per year
 - computing termination value ...
 - starting recursion ...
 at age          95
 at age          75
 at age          50
 at age          26
 - will now simulate synthetic cohort ...
 - cohort simulated, saving dataset ...
 total time taken for code =   2910.3512690067291     
 + running scenario : prog10                                                                          
 	* compiling main program ...
 	* running simulation ...
 
 mpi initialized ...
  # of procs 	  :          64
  # of workers 	  :          63
 ! parameter values initialized ...
 - will now initialize income shocks ...
 - will now initialize oop shocks ...
 - will now initialize return risks ...
 - will now initialize mortality rates ...
 - will now initialize equivalence scales ...
 ! state space initialized ...
    - state space has total of      9646875  points
                                     128625  per year
 - computing termination value ...
 - starting recursion ...
 at age          95
 at age          75
 at age          50
 at age          26
 - will now simulate synthetic cohort ...
 - cohort simulated, saving dataset ...
 total time taken for code =   2871.0041019916534     
