 ***********************************************************
 * TIAA-CREF Report (Lusardi, Michaud and Mitchell) *
   simulation of scenarios										   
 ***********************************************************
 + running scenario : baseline                                                                        
 	* compiling main program ...
 	* running simulation ...
 
 mpi initialized ...
  # of procs 	  :          64
  # of workers 	  :          63
 ! parameter values initialized ...
 - will now initialize income shocks ...
 - will now initialize oop shocks ...
 - will now initialize return risks ...
 - will now initialize mortality rates ...
 - will now initialize equivalence scales ...
 ! state space initialized ...
    - state space has total of      9646875  points
                                     128625  per year
 - computing termination value ...
 - starting recursion ...
 at age          95
 at age          75
 at age          50
 at age          26
 - will now simulate synthetic cohort ...
 - cohort simulated, saving dataset ...
 total time taken for code =   2821.4400007724762     
 + running scenario : prog1                                                                           
 	* compiling main program ...
 	* running simulation ...
 
 mpi initialized ...
  # of procs 	  :          64
  # of workers 	  :          63
 ! parameter values initialized ...
 - will now initialize income shocks ...
 - will now initialize oop shocks ...
 - will now initialize return risks ...
 - will now initialize mortality rates ...
 - will now initialize equivalence scales ...
 ! state space initialized ...
    - state space has total of      9646875  points
                                     128625  per year
 - computing termination value ...
 - starting recursion ...
 at age          95
 at age          75
 at age          50
 at age          26
 - will now simulate synthetic cohort ...
 - cohort simulated, saving dataset ...
 total time taken for code =   2877.8634979724884     
 + running scenario : prog2                                                                           
 	* compiling main program ...
 	* running simulation ...
 
 mpi initialized ...
  # of procs 	  :          64
  # of workers 	  :          63
 ! parameter values initialized ...
 - will now initialize income shocks ...
 - will now initialize oop shocks ...
 - will now initialize return risks ...
 - will now initialize mortality rates ...
 - will now initialize equivalence scales ...
 ! state space initialized ...
    - state space has total of      9646875  points
                                     128625  per year
 - computing termination value ...
 - starting recursion ...
 at age          95
 at age          75
 at age          50
 at age          26
 - will now simulate synthetic cohort ...
 - cohort simulated, saving dataset ...
 total time taken for code =   2885.0209290981293     
