 mpi initialized ...
  # of procs 	  :          64
  # of workers 	  :          63
 + running scenario : baseline_delta_min                                                              
 ! parameter values initialized ...
 - will now initialize income shocks ...
 - will now initialize oop shocks ...
 - will now initialize return risks ...
 - will now initialize mortality rates ...
 - will now initialize equivalence scales ...
 ! state space initialized ...
    - state space has total of      9646875  points
                                     128625  per year
 - computing termination value ...
 - starting recursion ...
 at age          95
 at age          75
 at age          50
 at age          26
 - will now simulate synthetic cohort ...
 - cohort simulated, saving dataset ...
 total time taken for code =   965.12651809770614     
 mpi initialized ...
  # of procs 	  :          64
  # of workers 	  :          63
 + running scenario : baseline_delta_max                                                              
 ! parameter values initialized ...
 - will now initialize income shocks ...
 - will now initialize oop shocks ...
 - will now initialize return risks ...
 - will now initialize mortality rates ...
 - will now initialize equivalence scales ...
 ! state space initialized ...
    - state space has total of      9646875  points
                                     128625  per year
 - computing termination value ...
 - starting recursion ...
 at age          95
 at age          75
 at age          50
 at age          26
 - will now simulate synthetic cohort ...
 - cohort simulated, saving dataset ...
 total time taken for code =   986.93595311883837     
 mpi initialized ...
  # of procs 	  :          64
  # of workers 	  :          63
 + running scenario : prog12_delta_min                                                                
 ! parameter values initialized ...
 - will now initialize income shocks ...
 - will now initialize oop shocks ...
 - will now initialize return risks ...
 - will now initialize mortality rates ...
 - will now initialize equivalence scales ...
 ! state space initialized ...
    - state space has total of      9646875  points
                                     128625  per year
 - computing termination value ...
 - starting recursion ...
 at age          95
 at age          75
 at age          50
 at age          26
 - will now simulate synthetic cohort ...
 - cohort simulated, saving dataset ...
 total time taken for code =   990.69644752424210     
 mpi initialized ...
  # of procs 	  :          64
  # of workers 	  :          63
 + running scenario : prog12_delta_max                                                                
 ! parameter values initialized ...
 - will now initialize income shocks ...
 - will now initialize oop shocks ...
 - will now initialize return risks ...
 - will now initialize mortality rates ...
 - will now initialize equivalence scales ...
 ! state space initialized ...
    - state space has total of      9646875  points
                                     128625  per year
 - computing termination value ...
 - starting recursion ...
 at age          95
 at age          75
 at age          50
 at age          26
 - will now simulate synthetic cohort ...
 - cohort simulated, saving dataset ...
 total time taken for code =   1075.6947203772143     
