 mpi initialized ...
  # of procs 	  :          64
  # of workers 	  :          63
 + running scenario : prog12                                                                          
 ! parameter values initialized ...
 - will now initialize income shocks ...
 - will now initialize oop shocks ...
 - will now initialize return risks ...
 - will now initialize mortality rates ...
 - will now initialize equivalence scales ...
 ! state space initialized ...
    - state space has total of      9646875  points
                                     128625  per year
 - computing termination value ...
 - starting recursion ...
 at age          95
 at age          75
 at age          50
 at age          26
 - will now simulate synthetic cohort ...
 - cohort simulated, saving dataset ...
 total time taken for code =   1096.8143424559385     
