 mpi initialized ...
  # of procs 	  :          64
  # of workers 	  :          63
 + running scenario : baseline                                                                        
 ! parameter values initialized ...
 - will now initialize income shocks ...
 - will now initialize oop shocks ...
 - will now initialize return risks ...
 - will now initialize mortality rates ...
 - will now initialize equivalence scales ...
 ! state space initialized ...
    - state space has total of      9646875  points
                                     128625  per year
 - computing termination value ...
 - starting recursion ...
 at age          95
 at age          75
 at age          50
 at age          26
 - will now simulate synthetic cohort ...
 - cohort simulated, saving dataset ...
 total time taken for code =   1256.3224011156708     
 mpi initialized ...
  # of procs 	  :          64
  # of workers 	  :          63
 + running scenario : prog1                                                                           
 ! parameter values initialized ...
 - will now initialize income shocks ...
 - will now initialize oop shocks ...
 - will now initialize return risks ...
 - will now initialize mortality rates ...
 - will now initialize equivalence scales ...
 ! state space initialized ...
    - state space has total of      9646875  points
                                     128625  per year
 - computing termination value ...
 - starting recursion ...
 at age          95
 at age          75
 at age          50
 at age          26
 - will now simulate synthetic cohort ...
 - cohort simulated, saving dataset ...
 total time taken for code =   1270.6085673440248     
 mpi initialized ...
  # of procs 	  :          64
  # of workers 	  :          63
 + running scenario : prog2                                                                           
 ! parameter values initialized ...
 - will now initialize income shocks ...
 - will now initialize oop shocks ...
 - will now initialize return risks ...
 - will now initialize mortality rates ...
 - will now initialize equivalence scales ...
 ! state space initialized ...
    - state space has total of      9646875  points
                                     128625  per year
 - computing termination value ...
 - starting recursion ...
 at age          95
 at age          75
 at age          50
 at age          26
 - will now simulate synthetic cohort ...
 - cohort simulated, saving dataset ...
 total time taken for code =   1282.4146547047421     
 mpi initialized ...
  # of procs 	  :          64
  # of workers 	  :          63
 + running scenario : prog3                                                                           
 ! parameter values initialized ...
 - will now initialize income shocks ...
 - will now initialize oop shocks ...
 - will now initialize return risks ...
 - will now initialize mortality rates ...
 - will now initialize equivalence scales ...
 ! state space initialized ...
    - state space has total of      9646875  points
                                     128625  per year
 - computing termination value ...
 - starting recursion ...
 at age          95
 at age          75
 at age          50
 at age          26
 - will now simulate synthetic cohort ...
 - cohort simulated, saving dataset ...
 total time taken for code =   1281.7588284322992     
 mpi initialized ...
  # of procs 	  :          64
  # of workers 	  :          63
 + running scenario : prog4                                                                           
 ! parameter values initialized ...
 - will now initialize income shocks ...
 - will now initialize oop shocks ...
 - will now initialize return risks ...
 - will now initialize mortality rates ...
 - will now initialize equivalence scales ...
 ! state space initialized ...
    - state space has total of      9646875  points
                                     128625  per year
 - computing termination value ...
 - starting recursion ...
 at age          95
 at age          75
 at age          50
 at age          26
 - will now simulate synthetic cohort ...
 - cohort simulated, saving dataset ...
 total time taken for code =   1269.8087465418503     
 mpi initialized ...
  # of procs 	  :          64
  # of workers 	  :          63
 + running scenario : prog5                                                                           
 ! parameter values initialized ...
 - will now initialize income shocks ...
 - will now initialize oop shocks ...
 - will now initialize return risks ...
 - will now initialize mortality rates ...
 - will now initialize equivalence scales ...
 ! state space initialized ...
    - state space has total of      9646875  points
                                     128625  per year
 - computing termination value ...
 - starting recursion ...
 at age          95
 at age          75
 at age          50
 at age          26
 solving for program at age          50
 - will now simulate synthetic cohort ...
 - cohort simulated, saving dataset ...
 total time taken for code =   1266.9740072917193     
 mpi initialized ...
  # of procs 	  :          64
  # of workers 	  :          63
 + running scenario : prog6                                                                           
 ! parameter values initialized ...
 - will now initialize income shocks ...
 - will now initialize oop shocks ...
 - will now initialize return risks ...
 - will now initialize mortality rates ...
 - will now initialize equivalence scales ...
 ! state space initialized ...
    - state space has total of      9646875  points
                                     128625  per year
 - computing termination value ...
 - starting recursion ...
 at age          95
 at age          75
 at age          50
 at age          26
 - will now simulate synthetic cohort ...
 - cohort simulated, saving dataset ...
 total time taken for code =   1231.8748748786747     
 mpi initialized ...
  # of procs 	  :          64
  # of workers 	  :          63
 + running scenario : prog7                                                                           
 ! parameter values initialized ...
 - will now initialize income shocks ...
 - will now initialize oop shocks ...
 - will now initialize return risks ...
 - will now initialize mortality rates ...
 - will now initialize equivalence scales ...
 ! state space initialized ...
    - state space has total of      9646875  points
                                     128625  per year
 - computing termination value ...
 - starting recursion ...
 at age          95
 at age          75
 at age          50
 at age          26
 - will now simulate synthetic cohort ...
 - cohort simulated, saving dataset ...
 total time taken for code =   1277.6195742599666     
 mpi initialized ...
  # of procs 	  :          64
  # of workers 	  :          63
 + running scenario : prog8                                                                           
 ! parameter values initialized ...
 - will now initialize income shocks ...
 - will now initialize oop shocks ...
 - will now initialize return risks ...
 - will now initialize mortality rates ...
 - will now initialize equivalence scales ...
 ! state space initialized ...
    - state space has total of      9646875  points
                                     128625  per year
 - computing termination value ...
 - starting recursion ...
 at age          95
 at age          75
 at age          50
 at age          26
 - will now simulate synthetic cohort ...
 - cohort simulated, saving dataset ...
 total time taken for code =   1263.7856546100229     
 mpi initialized ...
  # of procs 	  :          64
  # of workers 	  :          63
 + running scenario : prog9                                                                           
 ! parameter values initialized ...
 - will now initialize income shocks ...
 - will now initialize oop shocks ...
 - will now initialize return risks ...
 - will now initialize mortality rates ...
 - will now initialize equivalence scales ...
 ! state space initialized ...
    - state space has total of      9646875  points
                                     128625  per year
 - computing termination value ...
 - starting recursion ...
 at age          95
 at age          75
 at age          50
 at age          26
 - will now simulate synthetic cohort ...
 - cohort simulated, saving dataset ...
 total time taken for code =   1047.6302869692445     
 mpi initialized ...
  # of procs 	  :          64
  # of workers 	  :          63
 + running scenario : prog10                                                                          
 ! parameter values initialized ...
 - will now initialize income shocks ...
 - will now initialize oop shocks ...
 - will now initialize return risks ...
 - will now initialize mortality rates ...
 - will now initialize equivalence scales ...
 ! state space initialized ...
    - state space has total of      9646875  points
                                     128625  per year
 - computing termination value ...
 - starting recursion ...
 at age          95
 at age          75
 at age          50
 at age          26
 - will now simulate synthetic cohort ...
 - cohort simulated, saving dataset ...
 total time taken for code =   1058.4467889554799     
 mpi initialized ...
  # of procs 	  :          64
  # of workers 	  :          63
 + running scenario : prog11                                                                          
 ! parameter values initialized ...
 - will now initialize income shocks ...
 - will now initialize oop shocks ...
 - will now initialize return risks ...
 - will now initialize mortality rates ...
 - will now initialize equivalence scales ...
 ! state space initialized ...
    - state space has total of      9646875  points
                                     128625  per year
 - computing termination value ...
 - starting recursion ...
 at age          95
 at age          75
 at age          50
 at age          26
 - will now simulate synthetic cohort ...
 - cohort simulated, saving dataset ...
 total time taken for code =   1041.8579033538699     
 mpi initialized ...
  # of procs 	  :          64
  # of workers 	  :          63
 + running scenario : prog12                                                                          
 ! parameter values initialized ...
 - will now initialize income shocks ...
 - will now initialize oop shocks ...
 - will now initialize return risks ...
 - will now initialize mortality rates ...
 - will now initialize equivalence scales ...
 ! state space initialized ...
    - state space has total of      9646875  points
                                     128625  per year
 - computing termination value ...
 - starting recursion ...
 at age          95
 at age          75
 at age          50
 at age          26
 - will now simulate synthetic cohort ...
 - cohort simulated, saving dataset ...
 total time taken for code =   1044.6773971207440     
 mpi initialized ...
  # of procs 	  :          64
  # of workers 	  :          63
 + running scenario : baseline_delta_min                                                              
 ! parameter values initialized ...
 - will now initialize income shocks ...
 - will now initialize oop shocks ...
 - will now initialize return risks ...
 - will now initialize mortality rates ...
 - will now initialize equivalence scales ...
 ! state space initialized ...
    - state space has total of      9646875  points
                                     128625  per year
 - computing termination value ...
 - starting recursion ...
 at age          95
 at age          75
 at age          50
 at age          26
 - will now simulate synthetic cohort ...
 - cohort simulated, saving dataset ...
 total time taken for code =   985.62520548049361     
 mpi initialized ...
  # of procs 	  :          64
  # of workers 	  :          63
 + running scenario : baseline_delta_max                                                              
 ! parameter values initialized ...
 - will now initialize income shocks ...
 - will now initialize oop shocks ...
 - will now initialize return risks ...
 - will now initialize mortality rates ...
 - will now initialize equivalence scales ...
 ! state space initialized ...
    - state space has total of      9646875  points
                                     128625  per year
 - computing termination value ...
 - starting recursion ...
 at age          95
 at age          75
 at age          50
 at age          26
 - will now simulate synthetic cohort ...
 - cohort simulated, saving dataset ...
 total time taken for code =   1035.3444405822083     
 mpi initialized ...
  # of procs 	  :          64
  # of workers 	  :          63
 + running scenario : baseline_pi0_min                                                                
 ! parameter values initialized ...
 - will now initialize income shocks ...
 - will now initialize oop shocks ...
 - will now initialize return risks ...
 - will now initialize mortality rates ...
 - will now initialize equivalence scales ...
 ! state space initialized ...
    - state space has total of      9646875  points
                                     128625  per year
 - computing termination value ...
 - starting recursion ...
 at age          95
 at age          75
 at age          50
 at age          26
 - will now simulate synthetic cohort ...
 - cohort simulated, saving dataset ...
 total time taken for code =   1029.2738544931635     
 mpi initialized ...
  # of procs 	  :          64
  # of workers 	  :          63
 + running scenario : baseline_pi0_max                                                                
 ! parameter values initialized ...
 - will now initialize income shocks ...
 - will now initialize oop shocks ...
 - will now initialize return risks ...
 - will now initialize mortality rates ...
 - will now initialize equivalence scales ...
 ! state space initialized ...
    - state space has total of      9646875  points
                                     128625  per year
 - computing termination value ...
 - starting recursion ...
 at age          95
 at age          75
 at age          50
 at age          26
 - will now simulate synthetic cohort ...
 - cohort simulated, saving dataset ...
 total time taken for code =   966.69660579133779     
 mpi initialized ...
  # of procs 	  :          64
  # of workers 	  :          63
 + running scenario : prog12_delta_min                                                                
 ! parameter values initialized ...
 - will now initialize income shocks ...
 - will now initialize oop shocks ...
 - will now initialize return risks ...
 - will now initialize mortality rates ...
 - will now initialize equivalence scales ...
 ! state space initialized ...
    - state space has total of      9646875  points
                                     128625  per year
 - computing termination value ...
 - starting recursion ...
 at age          95
 at age          75
 at age          50
 at age          26
 - will now simulate synthetic cohort ...
 - cohort simulated, saving dataset ...
 total time taken for code =   1010.0455340631306     
 mpi initialized ...
  # of procs 	  :          64
  # of workers 	  :          63
 + running scenario : prog12_delta_max                                                                
 ! parameter values initialized ...
 - will now initialize income shocks ...
 - will now initialize oop shocks ...
 - will now initialize return risks ...
 - will now initialize mortality rates ...
 - will now initialize equivalence scales ...
 ! state space initialized ...
    - state space has total of      9646875  points
                                     128625  per year
 - computing termination value ...
 - starting recursion ...
 at age          95
 at age          75
 at age          50
 at age          26
 - will now simulate synthetic cohort ...
 - cohort simulated, saving dataset ...
 total time taken for code =   1067.6320006437600     
 mpi initialized ...
  # of procs 	  :          64
  # of workers 	  :          63
 + running scenario : prog12_pi0_min                                                                  
 ! parameter values initialized ...
 - will now initialize income shocks ...
 - will now initialize oop shocks ...
 - will now initialize return risks ...
 - will now initialize mortality rates ...
 - will now initialize equivalence scales ...
 ! state space initialized ...
    - state space has total of      9646875  points
                                     128625  per year
 - computing termination value ...
 - starting recursion ...
 at age          95
 at age          75
 at age          50
 at age          26
 - will now simulate synthetic cohort ...
 - cohort simulated, saving dataset ...
 total time taken for code =   1341.5719578014687     
 mpi initialized ...
  # of procs 	  :          64
  # of workers 	  :          63
 + running scenario : prog12_pi0_max                                                                  
 ! parameter values initialized ...
 - will now initialize income shocks ...
 - will now initialize oop shocks ...
 - will now initialize return risks ...
 - will now initialize mortality rates ...
 - will now initialize equivalence scales ...
 ! state space initialized ...
    - state space has total of      9646875  points
                                     128625  per year
 - computing termination value ...
 - starting recursion ...
 at age          95
 at age          75
 at age          50
 at age          26
 - will now simulate synthetic cohort ...
 - cohort simulated, saving dataset ...
 total time taken for code =   1663.9893191000447     
